2020-06-11 00:01:13.812  INFO 4384 --- [AsyncResolver-bootstrap-executor-0] c.n.d.s.r.aws.ConfigClusterResolver      : Resolving eureka endpoints via configuration
2020-06-11 00:02:11.794  INFO 4384 --- [RMI TCP Connection(2)-127.0.0.1] inMXBeanRegistrar$SpringApplicationAdmin : Application shutdown requested.
2020-06-11 00:02:11.795  INFO 4384 --- [RMI TCP Connection(2)-127.0.0.1] o.s.c.n.e.s.EurekaServiceRegistry        : Unregistering application API-GATEWAY-SERVICE with eureka with status DOWN
2020-06-11 00:02:11.796  WARN 4384 --- [RMI TCP Connection(2)-127.0.0.1] com.netflix.discovery.DiscoveryClient    : Saw local status change event StatusChangeEvent [timestamp=1591813931796, current=DOWN, previous=UP]
2020-06-11 00:02:11.796  INFO 4384 --- [DiscoveryClient-InstanceInfoReplicator-0] com.netflix.discovery.DiscoveryClient    : DiscoveryClient_API-GATEWAY-SERVICE/BICVPJI1LB.asiapacific.hpqcorp.net:API-GATEWAY-SERVICE:8080: registering service...
2020-06-11 00:02:11.801  INFO 4384 --- [Thread-416] c.n.l.PollingServerListUpdater           : Shutting down the Executor Pool for PollingServerListUpdater
2020-06-11 00:02:11.804  INFO 4384 --- [DiscoveryClient-InstanceInfoReplicator-0] com.netflix.discovery.DiscoveryClient    : DiscoveryClient_API-GATEWAY-SERVICE/BICVPJI1LB.asiapacific.hpqcorp.net:API-GATEWAY-SERVICE:8080 - registration status: 204
2020-06-11 00:02:14.815  INFO 4384 --- [RMI TCP Connection(2)-127.0.0.1] c.n.u.concurrent.ShutdownEnabledTimer    : Shutdown hook removed for: NFLoadBalancer-PingTimer-PAYMENT-SERVICE
2020-06-11 00:02:14.826  INFO 4384 --- [RMI TCP Connection(2)-127.0.0.1] c.n.u.concurrent.ShutdownEnabledTimer    : Exception caught (might be ok if at shutdown)

java.lang.IllegalStateException: Shutdown in progress
	at java.lang.ApplicationShutdownHooks.remove(Unknown Source) ~[na:1.8.0_211]
	at java.lang.Runtime.removeShutdownHook(Unknown Source) ~[na:1.8.0_211]
	at com.netflix.util.concurrent.ShutdownEnabledTimer.cancel(ShutdownEnabledTimer.java:70) ~[netflix-commons-util-0.3.0.jar:0.3.0]
	at com.netflix.loadbalancer.BaseLoadBalancer.cancelPingTask(BaseLoadBalancer.java:632) [ribbon-loadbalancer-2.3.0.jar:2.3.0]
	at com.netflix.loadbalancer.BaseLoadBalancer.shutdown(BaseLoadBalancer.java:883) [ribbon-loadbalancer-2.3.0.jar:2.3.0]
	at com.netflix.loadbalancer.DynamicServerListLoadBalancer.shutdown(DynamicServerListLoadBalancer.java:285) [ribbon-loadbalancer-2.3.0.jar:2.3.0]
	at sun.reflect.NativeMethodAccessorImpl.invoke0(Native Method) ~[na:1.8.0_211]
	at sun.reflect.NativeMethodAccessorImpl.invoke(Unknown Source) ~[na:1.8.0_211]
	at sun.reflect.DelegatingMethodAccessorImpl.invoke(Unknown Source) ~[na:1.8.0_211]
	at java.lang.reflect.Method.invoke(Unknown Source) ~[na:1.8.0_211]
	at org.springframework.beans.factory.support.DisposableBeanAdapter.invokeCustomDestroyMethod(DisposableBeanAdapter.java:339) [spring-beans-5.2.6.RELEASE.jar:5.2.6.RELEASE]
	at org.springframework.beans.factory.support.DisposableBeanAdapter.destroy(DisposableBeanAdapter.java:273) [spring-beans-5.2.6.RELEASE.jar:5.2.6.RELEASE]
	at org.springframework.beans.factory.support.DefaultSingletonBeanRegistry.destroyBean(DefaultSingletonBeanRegistry.java:579) [spring-beans-5.2.6.RELEASE.jar:5.2.6.RELEASE]
	at org.springframework.beans.factory.support.DefaultSingletonBeanRegistry.destroySingleton(DefaultSingletonBeanRegistry.java:551) [spring-beans-5.2.6.RELEASE.jar:5.2.6.RELEASE]
	at org.springframework.beans.factory.support.DefaultListableBeanFactory.destroySingleton(DefaultListableBeanFactory.java:1091) [spring-beans-5.2.6.RELEASE.jar:5.2.6.RELEASE]
	at org.springframework.beans.factory.support.DefaultSingletonBeanRegistry.destroySingletons(DefaultSingletonBeanRegistry.java:512) [spring-beans-5.2.6.RELEASE.jar:5.2.6.RELEASE]
	at org.springframework.beans.factory.support.DefaultListableBeanFactory.destroySingletons(DefaultListableBeanFactory.java:1084) [spring-beans-5.2.6.RELEASE.jar:5.2.6.RELEASE]
	at org.springframework.context.support.AbstractApplicationContext.destroyBeans(AbstractApplicationContext.java:1060) [spring-context-5.2.6.RELEASE.jar:5.2.6.RELEASE]
	at org.springframework.context.support.AbstractApplicationContext.doClose(AbstractApplicationContext.java:1029) [spring-context-5.2.6.RELEASE.jar:5.2.6.RELEASE]
	at org.springframework.context.support.AbstractApplicationContext.close(AbstractApplicationContext.java:978) [spring-context-5.2.6.RELEASE.jar:5.2.6.RELEASE]
	at org.springframework.cloud.context.named.NamedContextFactory.destroy(NamedContextFactory.java:92) [spring-cloud-context-2.2.2.RELEASE.jar:2.2.2.RELEASE]
	at org.springframework.beans.factory.support.DisposableBeanAdapter.destroy(DisposableBeanAdapter.java:258) [spring-beans-5.2.6.RELEASE.jar:5.2.6.RELEASE]
	at org.springframework.beans.factory.support.DefaultSingletonBeanRegistry.destroyBean(DefaultSingletonBeanRegistry.java:579) [spring-beans-5.2.6.RELEASE.jar:5.2.6.RELEASE]
	at org.springframework.beans.factory.support.DefaultSingletonBeanRegistry.destroySingleton(DefaultSingletonBeanRegistry.java:551) [spring-beans-5.2.6.RELEASE.jar:5.2.6.RELEASE]
	at org.springframework.beans.factory.support.DefaultListableBeanFactory.destroySingleton(DefaultListableBeanFactory.java:1091) [spring-beans-5.2.6.RELEASE.jar:5.2.6.RELEASE]
	at org.springframework.beans.factory.support.DefaultSingletonBeanRegistry.destroySingletons(DefaultSingletonBeanRegistry.java:512) [spring-beans-5.2.6.RELEASE.jar:5.2.6.RELEASE]
	at org.springframework.beans.factory.support.DefaultListableBeanFactory.destroySingletons(DefaultListableBeanFactory.java:1084) [spring-beans-5.2.6.RELEASE.jar:5.2.6.RELEASE]
	at org.springframework.context.support.AbstractApplicationContext.destroyBeans(AbstractApplicationContext.java:1060) [spring-context-5.2.6.RELEASE.jar:5.2.6.RELEASE]
	at org.springframework.context.support.AbstractApplicationContext.doClose(AbstractApplicationContext.java:1029) [spring-context-5.2.6.RELEASE.jar:5.2.6.RELEASE]
	at org.springframework.boot.web.reactive.context.ReactiveWebServerApplicationContext.doClose(ReactiveWebServerApplicationContext.java:140) [spring-boot-2.3.0.RELEASE.jar:2.3.0.RELEASE]
	at org.springframework.context.support.AbstractApplicationContext.close(AbstractApplicationContext.java:978) [spring-context-5.2.6.RELEASE.jar:5.2.6.RELEASE]
	at org.springframework.boot.admin.SpringApplicationAdminMXBeanRegistrar$SpringApplicationAdmin.shutdown(SpringApplicationAdminMXBeanRegistrar.java:160) [spring-boot-2.3.0.RELEASE.jar:2.3.0.RELEASE]
	at sun.reflect.NativeMethodAccessorImpl.invoke0(Native Method) ~[na:1.8.0_211]
	at sun.reflect.NativeMethodAccessorImpl.invoke(Unknown Source) ~[na:1.8.0_211]
	at sun.reflect.DelegatingMethodAccessorImpl.invoke(Unknown Source) ~[na:1.8.0_211]
	at java.lang.reflect.Method.invoke(Unknown Source) ~[na:1.8.0_211]
	at sun.reflect.misc.Trampoline.invoke(Unknown Source) [na:1.8.0_211]
	at sun.reflect.NativeMethodAccessorImpl.invoke0(Native Method) ~[na:1.8.0_211]
	at sun.reflect.NativeMethodAccessorImpl.invoke(Unknown Source) ~[na:1.8.0_211]
	at sun.reflect.DelegatingMethodAccessorImpl.invoke(Unknown Source) ~[na:1.8.0_211]
	at java.lang.reflect.Method.invoke(Unknown Source) ~[na:1.8.0_211]
	at sun.reflect.misc.MethodUtil.invoke(Unknown Source) [na:1.8.0_211]
	at com.sun.jmx.mbeanserver.ConvertingMethod.invokeWithOpenReturn(Unknown Source) [na:1.8.0_211]
	at com.sun.jmx.mbeanserver.ConvertingMethod.invokeWithOpenReturn(Unknown Source) [na:1.8.0_211]
	at com.sun.jmx.mbeanserver.MXBeanIntrospector.invokeM2(Unknown Source) [na:1.8.0_211]
	at com.sun.jmx.mbeanserver.MXBeanIntrospector.invokeM2(Unknown Source) [na:1.8.0_211]
	at com.sun.jmx.mbeanserver.MBeanIntrospector.invokeM(Unknown Source) [na:1.8.0_211]
	at com.sun.jmx.mbeanserver.PerInterface.invoke(Unknown Source) [na:1.8.0_211]
	at com.sun.jmx.mbeanserver.MBeanSupport.invoke(Unknown Source) [na:1.8.0_211]
	at com.sun.jmx.interceptor.DefaultMBeanServerInterceptor.invoke(Unknown Source) [na:1.8.0_211]
	at com.sun.jmx.mbeanserver.JmxMBeanServer.invoke(Unknown Source) [na:1.8.0_211]
	at javax.management.remote.rmi.RMIConnectionImpl.doOperation(Unknown Source) [na:1.8.0_211]
	at javax.management.remote.rmi.RMIConnectionImpl.access$300(Unknown Source) [na:1.8.0_211]
	at javax.management.remote.rmi.RMIConnectionImpl$PrivilegedOperation.run(Unknown Source) [na:1.8.0_211]
	at javax.management.remote.rmi.RMIConnectionImpl.doPrivilegedOperation(Unknown Source) [na:1.8.0_211]
	at javax.management.remote.rmi.RMIConnectionImpl.invoke(Unknown Source) [na:1.8.0_211]
	at sun.reflect.NativeMethodAccessorImpl.invoke0(Native Method) ~[na:1.8.0_211]
	at sun.reflect.NativeMethodAccessorImpl.invoke(Unknown Source) ~[na:1.8.0_211]
	at sun.reflect.DelegatingMethodAccessorImpl.invoke(Unknown Source) ~[na:1.8.0_211]
	at java.lang.reflect.Method.invoke(Unknown Source) ~[na:1.8.0_211]
	at sun.rmi.server.UnicastServerRef.dispatch(Unknown Source) [na:1.8.0_211]
	at sun.rmi.transport.Transport$1.run(Unknown Source) [na:1.8.0_211]
	at sun.rmi.transport.Transport$1.run(Unknown Source) [na:1.8.0_211]
	at java.security.AccessController.doPrivileged(Native Method) [na:1.8.0_211]
	at sun.rmi.transport.Transport.serviceCall(Unknown Source) [na:1.8.0_211]
	at sun.rmi.transport.tcp.TCPTransport.handleMessages(Unknown Source) [na:1.8.0_211]
	at sun.rmi.transport.tcp.TCPTransport$ConnectionHandler.run0(Unknown Source) [na:1.8.0_211]
	at sun.rmi.transport.tcp.TCPTransport$ConnectionHandler.lambda$run$0(Unknown Source) [na:1.8.0_211]
	at java.security.AccessController.doPrivileged(Native Method) [na:1.8.0_211]
	at sun.rmi.transport.tcp.TCPTransport$ConnectionHandler.run(Unknown Source) [na:1.8.0_211]
	at java.util.concurrent.ThreadPoolExecutor.runWorker(Unknown Source) ~[na:1.8.0_211]
	at java.util.concurrent.ThreadPoolExecutor$Worker.run(Unknown Source) ~[na:1.8.0_211]
	at java.lang.Thread.run(Unknown Source) ~[na:1.8.0_211]

2020-06-11 00:02:14.835  INFO 4384 --- [RMI TCP Connection(2)-127.0.0.1] c.n.u.concurrent.ShutdownEnabledTimer    : Shutdown hook removed for: NFLoadBalancer-PingTimer-ORDER-SERVICE
2020-06-11 00:02:14.836  INFO 4384 --- [RMI TCP Connection(2)-127.0.0.1] c.n.u.concurrent.ShutdownEnabledTimer    : Exception caught (might be ok if at shutdown)

java.lang.IllegalStateException: Shutdown in progress
	at java.lang.ApplicationShutdownHooks.remove(Unknown Source) ~[na:1.8.0_211]
	at java.lang.Runtime.removeShutdownHook(Unknown Source) ~[na:1.8.0_211]
	at com.netflix.util.concurrent.ShutdownEnabledTimer.cancel(ShutdownEnabledTimer.java:70) ~[netflix-commons-util-0.3.0.jar:0.3.0]
	at com.netflix.loadbalancer.BaseLoadBalancer.cancelPingTask(BaseLoadBalancer.java:632) [ribbon-loadbalancer-2.3.0.jar:2.3.0]
	at com.netflix.loadbalancer.BaseLoadBalancer.shutdown(BaseLoadBalancer.java:883) [ribbon-loadbalancer-2.3.0.jar:2.3.0]
	at com.netflix.loadbalancer.DynamicServerListLoadBalancer.shutdown(DynamicServerListLoadBalancer.java:285) [ribbon-loadbalancer-2.3.0.jar:2.3.0]
	at sun.reflect.NativeMethodAccessorImpl.invoke0(Native Method) ~[na:1.8.0_211]
	at sun.reflect.NativeMethodAccessorImpl.invoke(Unknown Source) ~[na:1.8.0_211]
	at sun.reflect.DelegatingMethodAccessorImpl.invoke(Unknown Source) ~[na:1.8.0_211]
	at java.lang.reflect.Method.invoke(Unknown Source) ~[na:1.8.0_211]
	at org.springframework.beans.factory.support.DisposableBeanAdapter.invokeCustomDestroyMethod(DisposableBeanAdapter.java:339) [spring-beans-5.2.6.RELEASE.jar:5.2.6.RELEASE]
	at org.springframework.beans.factory.support.DisposableBeanAdapter.destroy(DisposableBeanAdapter.java:273) [spring-beans-5.2.6.RELEASE.jar:5.2.6.RELEASE]
	at org.springframework.beans.factory.support.DefaultSingletonBeanRegistry.destroyBean(DefaultSingletonBeanRegistry.java:579) [spring-beans-5.2.6.RELEASE.jar:5.2.6.RELEASE]
	at org.springframework.beans.factory.support.DefaultSingletonBeanRegistry.destroySingleton(DefaultSingletonBeanRegistry.java:551) [spring-beans-5.2.6.RELEASE.jar:5.2.6.RELEASE]
	at org.springframework.beans.factory.support.DefaultListableBeanFactory.destroySingleton(DefaultListableBeanFactory.java:1091) [spring-beans-5.2.6.RELEASE.jar:5.2.6.RELEASE]
	at org.springframework.beans.factory.support.DefaultSingletonBeanRegistry.destroySingletons(DefaultSingletonBeanRegistry.java:512) [spring-beans-5.2.6.RELEASE.jar:5.2.6.RELEASE]
	at org.springframework.beans.factory.support.DefaultListableBeanFactory.destroySingletons(DefaultListableBeanFactory.java:1084) [spring-beans-5.2.6.RELEASE.jar:5.2.6.RELEASE]
	at org.springframework.context.support.AbstractApplicationContext.destroyBeans(AbstractApplicationContext.java:1060) [spring-context-5.2.6.RELEASE.jar:5.2.6.RELEASE]
	at org.springframework.context.support.AbstractApplicationContext.doClose(AbstractApplicationContext.java:1029) [spring-context-5.2.6.RELEASE.jar:5.2.6.RELEASE]
	at org.springframework.context.support.AbstractApplicationContext.close(AbstractApplicationContext.java:978) [spring-context-5.2.6.RELEASE.jar:5.2.6.RELEASE]
	at org.springframework.cloud.context.named.NamedContextFactory.destroy(NamedContextFactory.java:92) [spring-cloud-context-2.2.2.RELEASE.jar:2.2.2.RELEASE]
	at org.springframework.beans.factory.support.DisposableBeanAdapter.destroy(DisposableBeanAdapter.java:258) [spring-beans-5.2.6.RELEASE.jar:5.2.6.RELEASE]
	at org.springframework.beans.factory.support.DefaultSingletonBeanRegistry.destroyBean(DefaultSingletonBeanRegistry.java:579) [spring-beans-5.2.6.RELEASE.jar:5.2.6.RELEASE]
	at org.springframework.beans.factory.support.DefaultSingletonBeanRegistry.destroySingleton(DefaultSingletonBeanRegistry.java:551) [spring-beans-5.2.6.RELEASE.jar:5.2.6.RELEASE]
	at org.springframework.beans.factory.support.DefaultListableBeanFactory.destroySingleton(DefaultListableBeanFactory.java:1091) [spring-beans-5.2.6.RELEASE.jar:5.2.6.RELEASE]
	at org.springframework.beans.factory.support.DefaultSingletonBeanRegistry.destroySingletons(DefaultSingletonBeanRegistry.java:512) [spring-beans-5.2.6.RELEASE.jar:5.2.6.RELEASE]
	at org.springframework.beans.factory.support.DefaultListableBeanFactory.destroySingletons(DefaultListableBeanFactory.java:1084) [spring-beans-5.2.6.RELEASE.jar:5.2.6.RELEASE]
	at org.springframework.context.support.AbstractApplicationContext.destroyBeans(AbstractApplicationContext.java:1060) [spring-context-5.2.6.RELEASE.jar:5.2.6.RELEASE]
	at org.springframework.context.support.AbstractApplicationContext.doClose(AbstractApplicationContext.java:1029) [spring-context-5.2.6.RELEASE.jar:5.2.6.RELEASE]
	at org.springframework.boot.web.reactive.context.ReactiveWebServerApplicationContext.doClose(ReactiveWebServerApplicationContext.java:140) [spring-boot-2.3.0.RELEASE.jar:2.3.0.RELEASE]
	at org.springframework.context.support.AbstractApplicationContext.close(AbstractApplicationContext.java:978) [spring-context-5.2.6.RELEASE.jar:5.2.6.RELEASE]
	at org.springframework.boot.admin.SpringApplicationAdminMXBeanRegistrar$SpringApplicationAdmin.shutdown(SpringApplicationAdminMXBeanRegistrar.java:160) [spring-boot-2.3.0.RELEASE.jar:2.3.0.RELEASE]
	at sun.reflect.NativeMethodAccessorImpl.invoke0(Native Method) ~[na:1.8.0_211]
	at sun.reflect.NativeMethodAccessorImpl.invoke(Unknown Source) ~[na:1.8.0_211]
	at sun.reflect.DelegatingMethodAccessorImpl.invoke(Unknown Source) ~[na:1.8.0_211]
	at java.lang.reflect.Method.invoke(Unknown Source) ~[na:1.8.0_211]
	at sun.reflect.misc.Trampoline.invoke(Unknown Source) [na:1.8.0_211]
	at sun.reflect.NativeMethodAccessorImpl.invoke0(Native Method) ~[na:1.8.0_211]
	at sun.reflect.NativeMethodAccessorImpl.invoke(Unknown Source) ~[na:1.8.0_211]
	at sun.reflect.DelegatingMethodAccessorImpl.invoke(Unknown Source) ~[na:1.8.0_211]
	at java.lang.reflect.Method.invoke(Unknown Source) ~[na:1.8.0_211]
	at sun.reflect.misc.MethodUtil.invoke(Unknown Source) [na:1.8.0_211]
	at com.sun.jmx.mbeanserver.ConvertingMethod.invokeWithOpenReturn(Unknown Source) [na:1.8.0_211]
	at com.sun.jmx.mbeanserver.ConvertingMethod.invokeWithOpenReturn(Unknown Source) [na:1.8.0_211]
	at com.sun.jmx.mbeanserver.MXBeanIntrospector.invokeM2(Unknown Source) [na:1.8.0_211]
	at com.sun.jmx.mbeanserver.MXBeanIntrospector.invokeM2(Unknown Source) [na:1.8.0_211]
	at com.sun.jmx.mbeanserver.MBeanIntrospector.invokeM(Unknown Source) [na:1.8.0_211]
	at com.sun.jmx.mbeanserver.PerInterface.invoke(Unknown Source) [na:1.8.0_211]
	at com.sun.jmx.mbeanserver.MBeanSupport.invoke(Unknown Source) [na:1.8.0_211]
	at com.sun.jmx.interceptor.DefaultMBeanServerInterceptor.invoke(Unknown Source) [na:1.8.0_211]
	at com.sun.jmx.mbeanserver.JmxMBeanServer.invoke(Unknown Source) [na:1.8.0_211]
	at javax.management.remote.rmi.RMIConnectionImpl.doOperation(Unknown Source) [na:1.8.0_211]
	at javax.management.remote.rmi.RMIConnectionImpl.access$300(Unknown Source) [na:1.8.0_211]
	at javax.management.remote.rmi.RMIConnectionImpl$PrivilegedOperation.run(Unknown Source) [na:1.8.0_211]
	at javax.management.remote.rmi.RMIConnectionImpl.doPrivilegedOperation(Unknown Source) [na:1.8.0_211]
	at javax.management.remote.rmi.RMIConnectionImpl.invoke(Unknown Source) [na:1.8.0_211]
	at sun.reflect.NativeMethodAccessorImpl.invoke0(Native Method) ~[na:1.8.0_211]
	at sun.reflect.NativeMethodAccessorImpl.invoke(Unknown Source) ~[na:1.8.0_211]
	at sun.reflect.DelegatingMethodAccessorImpl.invoke(Unknown Source) ~[na:1.8.0_211]
	at java.lang.reflect.Method.invoke(Unknown Source) ~[na:1.8.0_211]
	at sun.rmi.server.UnicastServerRef.dispatch(Unknown Source) [na:1.8.0_211]
	at sun.rmi.transport.Transport$1.run(Unknown Source) [na:1.8.0_211]
	at sun.rmi.transport.Transport$1.run(Unknown Source) [na:1.8.0_211]
	at java.security.AccessController.doPrivileged(Native Method) [na:1.8.0_211]
	at sun.rmi.transport.Transport.serviceCall(Unknown Source) [na:1.8.0_211]
	at sun.rmi.transport.tcp.TCPTransport.handleMessages(Unknown Source) [na:1.8.0_211]
	at sun.rmi.transport.tcp.TCPTransport$ConnectionHandler.run0(Unknown Source) [na:1.8.0_211]
	at sun.rmi.transport.tcp.TCPTransport$ConnectionHandler.lambda$run$0(Unknown Source) [na:1.8.0_211]
	at java.security.AccessController.doPrivileged(Native Method) [na:1.8.0_211]
	at sun.rmi.transport.tcp.TCPTransport$ConnectionHandler.run(Unknown Source) [na:1.8.0_211]
	at java.util.concurrent.ThreadPoolExecutor.runWorker(Unknown Source) ~[na:1.8.0_211]
	at java.util.concurrent.ThreadPoolExecutor$Worker.run(Unknown Source) ~[na:1.8.0_211]
	at java.lang.Thread.run(Unknown Source) ~[na:1.8.0_211]

2020-06-11 00:02:16.881  INFO 4384 --- [RMI TCP Connection(2)-127.0.0.1] com.netflix.discovery.DiscoveryClient    : Shutting down DiscoveryClient ...
2020-06-11 00:02:19.894  INFO 4384 --- [RMI TCP Connection(2)-127.0.0.1] com.netflix.discovery.DiscoveryClient    : Unregistering ...
2020-06-11 00:02:19.907  INFO 4384 --- [RMI TCP Connection(2)-127.0.0.1] com.netflix.discovery.DiscoveryClient    : DiscoveryClient_API-GATEWAY-SERVICE/BICVPJI1LB.asiapacific.hpqcorp.net:API-GATEWAY-SERVICE:8080 - deregister  status: 200
2020-06-11 00:02:19.931  INFO 4384 --- [RMI TCP Connection(2)-127.0.0.1] com.netflix.discovery.DiscoveryClient    : Completed shut down of DiscoveryClient
