2020-06-11 00:02:14.844 ERROR 14516 --- [http-nio-8086-exec-2] ashboardConfiguration$ProxyStreamServlet : Error proxying request: http://localhost:8080/actuator/hystrix.stream

org.apache.http.ConnectionClosedException: Premature end of chunk coded message body: closing chunk expected
	at org.apache.http.impl.io.ChunkedInputStream.getChunkSize(ChunkedInputStream.java:263) ~[httpcore-4.4.13.jar:4.4.13]
	at org.apache.http.impl.io.ChunkedInputStream.nextChunk(ChunkedInputStream.java:222) ~[httpcore-4.4.13.jar:4.4.13]
	at org.apache.http.impl.io.ChunkedInputStream.read(ChunkedInputStream.java:147) ~[httpcore-4.4.13.jar:4.4.13]
	at org.apache.http.conn.EofSensorInputStream.read(EofSensorInputStream.java:118) ~[httpclient-4.5.12.jar:4.5.12]
	at org.springframework.cloud.netflix.hystrix.dashboard.HystrixDashboardConfiguration$ProxyStreamServlet.doGet(HystrixDashboardConfiguration.java:194) ~[spring-cloud-netflix-hystrix-dashboard-2.2.2.RELEASE.jar:2.2.2.RELEASE]
	at javax.servlet.http.HttpServlet.service(HttpServlet.java:634) [tomcat-embed-core-9.0.34.jar:9.0.34]
	at javax.servlet.http.HttpServlet.service(HttpServlet.java:741) [tomcat-embed-core-9.0.34.jar:9.0.34]
	at org.apache.catalina.core.ApplicationFilterChain.internalDoFilter(ApplicationFilterChain.java:231) [tomcat-embed-core-9.0.34.jar:9.0.34]
	at org.apache.catalina.core.ApplicationFilterChain.doFilter(ApplicationFilterChain.java:166) [tomcat-embed-core-9.0.34.jar:9.0.34]
	at org.apache.tomcat.websocket.server.WsFilter.doFilter(WsFilter.java:53) [tomcat-embed-websocket-9.0.34.jar:9.0.34]
	at org.apache.catalina.core.ApplicationFilterChain.internalDoFilter(ApplicationFilterChain.java:193) [tomcat-embed-core-9.0.34.jar:9.0.34]
	at org.apache.catalina.core.ApplicationFilterChain.doFilter(ApplicationFilterChain.java:166) [tomcat-embed-core-9.0.34.jar:9.0.34]
	at org.springframework.web.filter.RequestContextFilter.doFilterInternal(RequestContextFilter.java:100) [spring-web-5.2.6.RELEASE.jar:5.2.6.RELEASE]
	at org.springframework.web.filter.OncePerRequestFilter.doFilter(OncePerRequestFilter.java:119) [spring-web-5.2.6.RELEASE.jar:5.2.6.RELEASE]
	at org.apache.catalina.core.ApplicationFilterChain.internalDoFilter(ApplicationFilterChain.java:193) [tomcat-embed-core-9.0.34.jar:9.0.34]
	at org.apache.catalina.core.ApplicationFilterChain.doFilter(ApplicationFilterChain.java:166) [tomcat-embed-core-9.0.34.jar:9.0.34]
	at org.springframework.web.filter.FormContentFilter.doFilterInternal(FormContentFilter.java:93) [spring-web-5.2.6.RELEASE.jar:5.2.6.RELEASE]
	at org.springframework.web.filter.OncePerRequestFilter.doFilter(OncePerRequestFilter.java:119) [spring-web-5.2.6.RELEASE.jar:5.2.6.RELEASE]
	at org.apache.catalina.core.ApplicationFilterChain.internalDoFilter(ApplicationFilterChain.java:193) [tomcat-embed-core-9.0.34.jar:9.0.34]
	at org.apache.catalina.core.ApplicationFilterChain.doFilter(ApplicationFilterChain.java:166) [tomcat-embed-core-9.0.34.jar:9.0.34]
	at org.springframework.web.filter.CharacterEncodingFilter.doFilterInternal(CharacterEncodingFilter.java:201) [spring-web-5.2.6.RELEASE.jar:5.2.6.RELEASE]
	at org.springframework.web.filter.OncePerRequestFilter.doFilter(OncePerRequestFilter.java:119) [spring-web-5.2.6.RELEASE.jar:5.2.6.RELEASE]
	at org.apache.catalina.core.ApplicationFilterChain.internalDoFilter(ApplicationFilterChain.java:193) [tomcat-embed-core-9.0.34.jar:9.0.34]
	at org.apache.catalina.core.ApplicationFilterChain.doFilter(ApplicationFilterChain.java:166) [tomcat-embed-core-9.0.34.jar:9.0.34]
	at org.apache.catalina.core.StandardWrapperValve.invoke(StandardWrapperValve.java:202) [tomcat-embed-core-9.0.34.jar:9.0.34]
	at org.apache.catalina.core.StandardContextValve.invoke(StandardContextValve.java:96) [tomcat-embed-core-9.0.34.jar:9.0.34]
	at org.apache.catalina.authenticator.AuthenticatorBase.invoke(AuthenticatorBase.java:541) [tomcat-embed-core-9.0.34.jar:9.0.34]
	at org.apache.catalina.core.StandardHostValve.invoke(StandardHostValve.java:139) [tomcat-embed-core-9.0.34.jar:9.0.34]
	at org.apache.catalina.valves.ErrorReportValve.invoke(ErrorReportValve.java:92) [tomcat-embed-core-9.0.34.jar:9.0.34]
	at org.apache.catalina.core.StandardEngineValve.invoke(StandardEngineValve.java:74) [tomcat-embed-core-9.0.34.jar:9.0.34]
	at org.apache.catalina.connector.CoyoteAdapter.service(CoyoteAdapter.java:343) [tomcat-embed-core-9.0.34.jar:9.0.34]
	at org.apache.coyote.http11.Http11Processor.service(Http11Processor.java:373) [tomcat-embed-core-9.0.34.jar:9.0.34]
	at org.apache.coyote.AbstractProcessorLight.process(AbstractProcessorLight.java:65) [tomcat-embed-core-9.0.34.jar:9.0.34]
	at org.apache.coyote.AbstractProtocol$ConnectionHandler.process(AbstractProtocol.java:868) [tomcat-embed-core-9.0.34.jar:9.0.34]
	at org.apache.tomcat.util.net.NioEndpoint$SocketProcessor.doRun(NioEndpoint.java:1590) [tomcat-embed-core-9.0.34.jar:9.0.34]
	at org.apache.tomcat.util.net.SocketProcessorBase.run(SocketProcessorBase.java:49) [tomcat-embed-core-9.0.34.jar:9.0.34]
	at java.util.concurrent.ThreadPoolExecutor.runWorker(Unknown Source) [na:1.8.0_211]
	at java.util.concurrent.ThreadPoolExecutor$Worker.run(Unknown Source) [na:1.8.0_211]
	at org.apache.tomcat.util.threads.TaskThread$WrappingRunnable.run(TaskThread.java:61) [tomcat-embed-core-9.0.34.jar:9.0.34]
	at java.lang.Thread.run(Unknown Source) [na:1.8.0_211]

2020-06-11 00:02:14.844 ERROR 14516 --- [http-nio-8086-exec-3] ashboardConfiguration$ProxyStreamServlet : Error proxying request: http://localhost:8080/actuator/hystrix.stream

org.apache.http.ConnectionClosedException: Premature end of chunk coded message body: closing chunk expected
	at org.apache.http.impl.io.ChunkedInputStream.getChunkSize(ChunkedInputStream.java:263) ~[httpcore-4.4.13.jar:4.4.13]
	at org.apache.http.impl.io.ChunkedInputStream.nextChunk(ChunkedInputStream.java:222) ~[httpcore-4.4.13.jar:4.4.13]
	at org.apache.http.impl.io.ChunkedInputStream.read(ChunkedInputStream.java:147) ~[httpcore-4.4.13.jar:4.4.13]
	at org.apache.http.conn.EofSensorInputStream.read(EofSensorInputStream.java:118) ~[httpclient-4.5.12.jar:4.5.12]
	at org.springframework.cloud.netflix.hystrix.dashboard.HystrixDashboardConfiguration$ProxyStreamServlet.doGet(HystrixDashboardConfiguration.java:194) ~[spring-cloud-netflix-hystrix-dashboard-2.2.2.RELEASE.jar:2.2.2.RELEASE]
	at javax.servlet.http.HttpServlet.service(HttpServlet.java:634) [tomcat-embed-core-9.0.34.jar:9.0.34]
	at javax.servlet.http.HttpServlet.service(HttpServlet.java:741) [tomcat-embed-core-9.0.34.jar:9.0.34]
	at org.apache.catalina.core.ApplicationFilterChain.internalDoFilter(ApplicationFilterChain.java:231) [tomcat-embed-core-9.0.34.jar:9.0.34]
	at org.apache.catalina.core.ApplicationFilterChain.doFilter(ApplicationFilterChain.java:166) [tomcat-embed-core-9.0.34.jar:9.0.34]
	at org.apache.tomcat.websocket.server.WsFilter.doFilter(WsFilter.java:53) [tomcat-embed-websocket-9.0.34.jar:9.0.34]
	at org.apache.catalina.core.ApplicationFilterChain.internalDoFilter(ApplicationFilterChain.java:193) [tomcat-embed-core-9.0.34.jar:9.0.34]
	at org.apache.catalina.core.ApplicationFilterChain.doFilter(ApplicationFilterChain.java:166) [tomcat-embed-core-9.0.34.jar:9.0.34]
	at org.springframework.web.filter.RequestContextFilter.doFilterInternal(RequestContextFilter.java:100) [spring-web-5.2.6.RELEASE.jar:5.2.6.RELEASE]
	at org.springframework.web.filter.OncePerRequestFilter.doFilter(OncePerRequestFilter.java:119) [spring-web-5.2.6.RELEASE.jar:5.2.6.RELEASE]
	at org.apache.catalina.core.ApplicationFilterChain.internalDoFilter(ApplicationFilterChain.java:193) [tomcat-embed-core-9.0.34.jar:9.0.34]
	at org.apache.catalina.core.ApplicationFilterChain.doFilter(ApplicationFilterChain.java:166) [tomcat-embed-core-9.0.34.jar:9.0.34]
	at org.springframework.web.filter.FormContentFilter.doFilterInternal(FormContentFilter.java:93) [spring-web-5.2.6.RELEASE.jar:5.2.6.RELEASE]
	at org.springframework.web.filter.OncePerRequestFilter.doFilter(OncePerRequestFilter.java:119) [spring-web-5.2.6.RELEASE.jar:5.2.6.RELEASE]
	at org.apache.catalina.core.ApplicationFilterChain.internalDoFilter(ApplicationFilterChain.java:193) [tomcat-embed-core-9.0.34.jar:9.0.34]
	at org.apache.catalina.core.ApplicationFilterChain.doFilter(ApplicationFilterChain.java:166) [tomcat-embed-core-9.0.34.jar:9.0.34]
	at org.springframework.web.filter.CharacterEncodingFilter.doFilterInternal(CharacterEncodingFilter.java:201) [spring-web-5.2.6.RELEASE.jar:5.2.6.RELEASE]
	at org.springframework.web.filter.OncePerRequestFilter.doFilter(OncePerRequestFilter.java:119) [spring-web-5.2.6.RELEASE.jar:5.2.6.RELEASE]
	at org.apache.catalina.core.ApplicationFilterChain.internalDoFilter(ApplicationFilterChain.java:193) [tomcat-embed-core-9.0.34.jar:9.0.34]
	at org.apache.catalina.core.ApplicationFilterChain.doFilter(ApplicationFilterChain.java:166) [tomcat-embed-core-9.0.34.jar:9.0.34]
	at org.apache.catalina.core.StandardWrapperValve.invoke(StandardWrapperValve.java:202) [tomcat-embed-core-9.0.34.jar:9.0.34]
	at org.apache.catalina.core.StandardContextValve.invoke(StandardContextValve.java:96) [tomcat-embed-core-9.0.34.jar:9.0.34]
	at org.apache.catalina.authenticator.AuthenticatorBase.invoke(AuthenticatorBase.java:541) [tomcat-embed-core-9.0.34.jar:9.0.34]
	at org.apache.catalina.core.StandardHostValve.invoke(StandardHostValve.java:139) [tomcat-embed-core-9.0.34.jar:9.0.34]
	at org.apache.catalina.valves.ErrorReportValve.invoke(ErrorReportValve.java:92) [tomcat-embed-core-9.0.34.jar:9.0.34]
	at org.apache.catalina.core.StandardEngineValve.invoke(StandardEngineValve.java:74) [tomcat-embed-core-9.0.34.jar:9.0.34]
	at org.apache.catalina.connector.CoyoteAdapter.service(CoyoteAdapter.java:343) [tomcat-embed-core-9.0.34.jar:9.0.34]
	at org.apache.coyote.http11.Http11Processor.service(Http11Processor.java:373) [tomcat-embed-core-9.0.34.jar:9.0.34]
	at org.apache.coyote.AbstractProcessorLight.process(AbstractProcessorLight.java:65) [tomcat-embed-core-9.0.34.jar:9.0.34]
	at org.apache.coyote.AbstractProtocol$ConnectionHandler.process(AbstractProtocol.java:868) [tomcat-embed-core-9.0.34.jar:9.0.34]
	at org.apache.tomcat.util.net.NioEndpoint$SocketProcessor.doRun(NioEndpoint.java:1590) [tomcat-embed-core-9.0.34.jar:9.0.34]
	at org.apache.tomcat.util.net.SocketProcessorBase.run(SocketProcessorBase.java:49) [tomcat-embed-core-9.0.34.jar:9.0.34]
	at java.util.concurrent.ThreadPoolExecutor.runWorker(Unknown Source) [na:1.8.0_211]
	at java.util.concurrent.ThreadPoolExecutor$Worker.run(Unknown Source) [na:1.8.0_211]
	at org.apache.tomcat.util.threads.TaskThread$WrappingRunnable.run(TaskThread.java:61) [tomcat-embed-core-9.0.34.jar:9.0.34]
	at java.lang.Thread.run(Unknown Source) [na:1.8.0_211]

2020-06-11 00:02:17.885  INFO 14516 --- [http-nio-8086-exec-1] ashboardConfiguration$ProxyStreamServlet : 

Proxy opening connection to: http://localhost:8080/actuator/hystrix.stream


2020-06-11 00:02:17.885  INFO 14516 --- [http-nio-8086-exec-7] ashboardConfiguration$ProxyStreamServlet : 

Proxy opening connection to: http://localhost:8080/actuator/hystrix.stream


2020-06-11 00:02:19.896 ERROR 14516 --- [http-nio-8086-exec-7] ashboardConfiguration$ProxyStreamServlet : Error proxying request: http://localhost:8080/actuator/hystrix.stream

java.net.ConnectException: Connection refused: connect
	at java.net.DualStackPlainSocketImpl.waitForConnect(Native Method) ~[na:1.8.0_211]
	at java.net.DualStackPlainSocketImpl.socketConnect(Unknown Source) ~[na:1.8.0_211]
	at java.net.AbstractPlainSocketImpl.doConnect(Unknown Source) ~[na:1.8.0_211]
	at java.net.AbstractPlainSocketImpl.connectToAddress(Unknown Source) ~[na:1.8.0_211]
	at java.net.AbstractPlainSocketImpl.connect(Unknown Source) ~[na:1.8.0_211]
	at java.net.PlainSocketImpl.connect(Unknown Source) ~[na:1.8.0_211]
	at java.net.SocksSocketImpl.connect(Unknown Source) ~[na:1.8.0_211]
	at java.net.Socket.connect(Unknown Source) ~[na:1.8.0_211]
	at org.apache.http.conn.scheme.PlainSocketFactory.connectSocket(PlainSocketFactory.java:121) ~[httpclient-4.5.12.jar:4.5.12]
	at org.apache.http.impl.conn.DefaultClientConnectionOperator.openConnection(DefaultClientConnectionOperator.java:180) ~[httpclient-4.5.12.jar:4.5.12]
	at org.apache.http.impl.conn.ManagedClientConnectionImpl.open(ManagedClientConnectionImpl.java:326) ~[httpclient-4.5.12.jar:4.5.12]
	at org.apache.http.impl.client.DefaultRequestDirector.tryConnect(DefaultRequestDirector.java:605) ~[httpclient-4.5.12.jar:4.5.12]
	at org.apache.http.impl.client.DefaultRequestDirector.execute(DefaultRequestDirector.java:440) ~[httpclient-4.5.12.jar:4.5.12]
	at org.apache.http.impl.client.AbstractHttpClient.doExecute(AbstractHttpClient.java:835) ~[httpclient-4.5.12.jar:4.5.12]
	at org.apache.http.impl.client.CloseableHttpClient.execute(CloseableHttpClient.java:83) ~[httpclient-4.5.12.jar:4.5.12]
	at org.apache.http.impl.client.CloseableHttpClient.execute(CloseableHttpClient.java:108) ~[httpclient-4.5.12.jar:4.5.12]
	at org.apache.http.impl.client.CloseableHttpClient.execute(CloseableHttpClient.java:56) ~[httpclient-4.5.12.jar:4.5.12]
	at org.springframework.cloud.netflix.hystrix.dashboard.HystrixDashboardConfiguration$ProxyStreamServlet.doGet(HystrixDashboardConfiguration.java:177) ~[spring-cloud-netflix-hystrix-dashboard-2.2.2.RELEASE.jar:2.2.2.RELEASE]
	at javax.servlet.http.HttpServlet.service(HttpServlet.java:634) [tomcat-embed-core-9.0.34.jar:9.0.34]
	at javax.servlet.http.HttpServlet.service(HttpServlet.java:741) [tomcat-embed-core-9.0.34.jar:9.0.34]
	at org.apache.catalina.core.ApplicationFilterChain.internalDoFilter(ApplicationFilterChain.java:231) [tomcat-embed-core-9.0.34.jar:9.0.34]
	at org.apache.catalina.core.ApplicationFilterChain.doFilter(ApplicationFilterChain.java:166) [tomcat-embed-core-9.0.34.jar:9.0.34]
	at org.apache.tomcat.websocket.server.WsFilter.doFilter(WsFilter.java:53) [tomcat-embed-websocket-9.0.34.jar:9.0.34]
	at org.apache.catalina.core.ApplicationFilterChain.internalDoFilter(ApplicationFilterChain.java:193) [tomcat-embed-core-9.0.34.jar:9.0.34]
	at org.apache.catalina.core.ApplicationFilterChain.doFilter(ApplicationFilterChain.java:166) [tomcat-embed-core-9.0.34.jar:9.0.34]
	at org.springframework.web.filter.RequestContextFilter.doFilterInternal(RequestContextFilter.java:100) [spring-web-5.2.6.RELEASE.jar:5.2.6.RELEASE]
	at org.springframework.web.filter.OncePerRequestFilter.doFilter(OncePerRequestFilter.java:119) [spring-web-5.2.6.RELEASE.jar:5.2.6.RELEASE]
	at org.apache.catalina.core.ApplicationFilterChain.internalDoFilter(ApplicationFilterChain.java:193) [tomcat-embed-core-9.0.34.jar:9.0.34]
	at org.apache.catalina.core.ApplicationFilterChain.doFilter(ApplicationFilterChain.java:166) [tomcat-embed-core-9.0.34.jar:9.0.34]
	at org.springframework.web.filter.FormContentFilter.doFilterInternal(FormContentFilter.java:93) [spring-web-5.2.6.RELEASE.jar:5.2.6.RELEASE]
	at org.springframework.web.filter.OncePerRequestFilter.doFilter(OncePerRequestFilter.java:119) [spring-web-5.2.6.RELEASE.jar:5.2.6.RELEASE]
	at org.apache.catalina.core.ApplicationFilterChain.internalDoFilter(ApplicationFilterChain.java:193) [tomcat-embed-core-9.0.34.jar:9.0.34]
	at org.apache.catalina.core.ApplicationFilterChain.doFilter(ApplicationFilterChain.java:166) [tomcat-embed-core-9.0.34.jar:9.0.34]
	at org.springframework.web.filter.CharacterEncodingFilter.doFilterInternal(CharacterEncodingFilter.java:201) [spring-web-5.2.6.RELEASE.jar:5.2.6.RELEASE]
	at org.springframework.web.filter.OncePerRequestFilter.doFilter(OncePerRequestFilter.java:119) [spring-web-5.2.6.RELEASE.jar:5.2.6.RELEASE]
	at org.apache.catalina.core.ApplicationFilterChain.internalDoFilter(ApplicationFilterChain.java:193) [tomcat-embed-core-9.0.34.jar:9.0.34]
	at org.apache.catalina.core.ApplicationFilterChain.doFilter(ApplicationFilterChain.java:166) [tomcat-embed-core-9.0.34.jar:9.0.34]
	at org.apache.catalina.core.StandardWrapperValve.invoke(StandardWrapperValve.java:202) [tomcat-embed-core-9.0.34.jar:9.0.34]
	at org.apache.catalina.core.StandardContextValve.invoke(StandardContextValve.java:96) [tomcat-embed-core-9.0.34.jar:9.0.34]
	at org.apache.catalina.authenticator.AuthenticatorBase.invoke(AuthenticatorBase.java:541) [tomcat-embed-core-9.0.34.jar:9.0.34]
	at org.apache.catalina.core.StandardHostValve.invoke(StandardHostValve.java:139) [tomcat-embed-core-9.0.34.jar:9.0.34]
	at org.apache.catalina.valves.ErrorReportValve.invoke(ErrorReportValve.java:92) [tomcat-embed-core-9.0.34.jar:9.0.34]
	at org.apache.catalina.core.StandardEngineValve.invoke(StandardEngineValve.java:74) [tomcat-embed-core-9.0.34.jar:9.0.34]
	at org.apache.catalina.connector.CoyoteAdapter.service(CoyoteAdapter.java:343) [tomcat-embed-core-9.0.34.jar:9.0.34]
	at org.apache.coyote.http11.Http11Processor.service(Http11Processor.java:373) [tomcat-embed-core-9.0.34.jar:9.0.34]
	at org.apache.coyote.AbstractProcessorLight.process(AbstractProcessorLight.java:65) [tomcat-embed-core-9.0.34.jar:9.0.34]
	at org.apache.coyote.AbstractProtocol$ConnectionHandler.process(AbstractProtocol.java:868) [tomcat-embed-core-9.0.34.jar:9.0.34]
	at org.apache.tomcat.util.net.NioEndpoint$SocketProcessor.doRun(NioEndpoint.java:1590) [tomcat-embed-core-9.0.34.jar:9.0.34]
	at org.apache.tomcat.util.net.SocketProcessorBase.run(SocketProcessorBase.java:49) [tomcat-embed-core-9.0.34.jar:9.0.34]
	at java.util.concurrent.ThreadPoolExecutor.runWorker(Unknown Source) [na:1.8.0_211]
	at java.util.concurrent.ThreadPoolExecutor$Worker.run(Unknown Source) [na:1.8.0_211]
	at org.apache.tomcat.util.threads.TaskThread$WrappingRunnable.run(TaskThread.java:61) [tomcat-embed-core-9.0.34.jar:9.0.34]
	at java.lang.Thread.run(Unknown Source) [na:1.8.0_211]

2020-06-11 00:02:19.896 ERROR 14516 --- [http-nio-8086-exec-1] ashboardConfiguration$ProxyStreamServlet : Error proxying request: http://localhost:8080/actuator/hystrix.stream

java.net.ConnectException: Connection refused: connect
	at java.net.DualStackPlainSocketImpl.waitForConnect(Native Method) ~[na:1.8.0_211]
	at java.net.DualStackPlainSocketImpl.socketConnect(Unknown Source) ~[na:1.8.0_211]
	at java.net.AbstractPlainSocketImpl.doConnect(Unknown Source) ~[na:1.8.0_211]
	at java.net.AbstractPlainSocketImpl.connectToAddress(Unknown Source) ~[na:1.8.0_211]
	at java.net.AbstractPlainSocketImpl.connect(Unknown Source) ~[na:1.8.0_211]
	at java.net.PlainSocketImpl.connect(Unknown Source) ~[na:1.8.0_211]
	at java.net.SocksSocketImpl.connect(Unknown Source) ~[na:1.8.0_211]
	at java.net.Socket.connect(Unknown Source) ~[na:1.8.0_211]
	at org.apache.http.conn.scheme.PlainSocketFactory.connectSocket(PlainSocketFactory.java:121) ~[httpclient-4.5.12.jar:4.5.12]
	at org.apache.http.impl.conn.DefaultClientConnectionOperator.openConnection(DefaultClientConnectionOperator.java:180) ~[httpclient-4.5.12.jar:4.5.12]
	at org.apache.http.impl.conn.ManagedClientConnectionImpl.open(ManagedClientConnectionImpl.java:326) ~[httpclient-4.5.12.jar:4.5.12]
	at org.apache.http.impl.client.DefaultRequestDirector.tryConnect(DefaultRequestDirector.java:605) ~[httpclient-4.5.12.jar:4.5.12]
	at org.apache.http.impl.client.DefaultRequestDirector.execute(DefaultRequestDirector.java:440) ~[httpclient-4.5.12.jar:4.5.12]
	at org.apache.http.impl.client.AbstractHttpClient.doExecute(AbstractHttpClient.java:835) ~[httpclient-4.5.12.jar:4.5.12]
	at org.apache.http.impl.client.CloseableHttpClient.execute(CloseableHttpClient.java:83) ~[httpclient-4.5.12.jar:4.5.12]
	at org.apache.http.impl.client.CloseableHttpClient.execute(CloseableHttpClient.java:108) ~[httpclient-4.5.12.jar:4.5.12]
	at org.apache.http.impl.client.CloseableHttpClient.execute(CloseableHttpClient.java:56) ~[httpclient-4.5.12.jar:4.5.12]
	at org.springframework.cloud.netflix.hystrix.dashboard.HystrixDashboardConfiguration$ProxyStreamServlet.doGet(HystrixDashboardConfiguration.java:177) ~[spring-cloud-netflix-hystrix-dashboard-2.2.2.RELEASE.jar:2.2.2.RELEASE]
	at javax.servlet.http.HttpServlet.service(HttpServlet.java:634) [tomcat-embed-core-9.0.34.jar:9.0.34]
	at javax.servlet.http.HttpServlet.service(HttpServlet.java:741) [tomcat-embed-core-9.0.34.jar:9.0.34]
	at org.apache.catalina.core.ApplicationFilterChain.internalDoFilter(ApplicationFilterChain.java:231) [tomcat-embed-core-9.0.34.jar:9.0.34]
	at org.apache.catalina.core.ApplicationFilterChain.doFilter(ApplicationFilterChain.java:166) [tomcat-embed-core-9.0.34.jar:9.0.34]
	at org.apache.tomcat.websocket.server.WsFilter.doFilter(WsFilter.java:53) [tomcat-embed-websocket-9.0.34.jar:9.0.34]
	at org.apache.catalina.core.ApplicationFilterChain.internalDoFilter(ApplicationFilterChain.java:193) [tomcat-embed-core-9.0.34.jar:9.0.34]
	at org.apache.catalina.core.ApplicationFilterChain.doFilter(ApplicationFilterChain.java:166) [tomcat-embed-core-9.0.34.jar:9.0.34]
	at org.springframework.web.filter.RequestContextFilter.doFilterInternal(RequestContextFilter.java:100) [spring-web-5.2.6.RELEASE.jar:5.2.6.RELEASE]
	at org.springframework.web.filter.OncePerRequestFilter.doFilter(OncePerRequestFilter.java:119) [spring-web-5.2.6.RELEASE.jar:5.2.6.RELEASE]
	at org.apache.catalina.core.ApplicationFilterChain.internalDoFilter(ApplicationFilterChain.java:193) [tomcat-embed-core-9.0.34.jar:9.0.34]
	at org.apache.catalina.core.ApplicationFilterChain.doFilter(ApplicationFilterChain.java:166) [tomcat-embed-core-9.0.34.jar:9.0.34]
	at org.springframework.web.filter.FormContentFilter.doFilterInternal(FormContentFilter.java:93) [spring-web-5.2.6.RELEASE.jar:5.2.6.RELEASE]
	at org.springframework.web.filter.OncePerRequestFilter.doFilter(OncePerRequestFilter.java:119) [spring-web-5.2.6.RELEASE.jar:5.2.6.RELEASE]
	at org.apache.catalina.core.ApplicationFilterChain.internalDoFilter(ApplicationFilterChain.java:193) [tomcat-embed-core-9.0.34.jar:9.0.34]
	at org.apache.catalina.core.ApplicationFilterChain.doFilter(ApplicationFilterChain.java:166) [tomcat-embed-core-9.0.34.jar:9.0.34]
	at org.springframework.web.filter.CharacterEncodingFilter.doFilterInternal(CharacterEncodingFilter.java:201) [spring-web-5.2.6.RELEASE.jar:5.2.6.RELEASE]
	at org.springframework.web.filter.OncePerRequestFilter.doFilter(OncePerRequestFilter.java:119) [spring-web-5.2.6.RELEASE.jar:5.2.6.RELEASE]
	at org.apache.catalina.core.ApplicationFilterChain.internalDoFilter(ApplicationFilterChain.java:193) [tomcat-embed-core-9.0.34.jar:9.0.34]
	at org.apache.catalina.core.ApplicationFilterChain.doFilter(ApplicationFilterChain.java:166) [tomcat-embed-core-9.0.34.jar:9.0.34]
	at org.apache.catalina.core.StandardWrapperValve.invoke(StandardWrapperValve.java:202) [tomcat-embed-core-9.0.34.jar:9.0.34]
	at org.apache.catalina.core.StandardContextValve.invoke(StandardContextValve.java:96) [tomcat-embed-core-9.0.34.jar:9.0.34]
	at org.apache.catalina.authenticator.AuthenticatorBase.invoke(AuthenticatorBase.java:541) [tomcat-embed-core-9.0.34.jar:9.0.34]
	at org.apache.catalina.core.StandardHostValve.invoke(StandardHostValve.java:139) [tomcat-embed-core-9.0.34.jar:9.0.34]
	at org.apache.catalina.valves.ErrorReportValve.invoke(ErrorReportValve.java:92) [tomcat-embed-core-9.0.34.jar:9.0.34]
	at org.apache.catalina.core.StandardEngineValve.invoke(StandardEngineValve.java:74) [tomcat-embed-core-9.0.34.jar:9.0.34]
	at org.apache.catalina.connector.CoyoteAdapter.service(CoyoteAdapter.java:343) [tomcat-embed-core-9.0.34.jar:9.0.34]
	at org.apache.coyote.http11.Http11Processor.service(Http11Processor.java:373) [tomcat-embed-core-9.0.34.jar:9.0.34]
	at org.apache.coyote.AbstractProcessorLight.process(AbstractProcessorLight.java:65) [tomcat-embed-core-9.0.34.jar:9.0.34]
	at org.apache.coyote.AbstractProtocol$ConnectionHandler.process(AbstractProtocol.java:868) [tomcat-embed-core-9.0.34.jar:9.0.34]
	at org.apache.tomcat.util.net.NioEndpoint$SocketProcessor.doRun(NioEndpoint.java:1590) [tomcat-embed-core-9.0.34.jar:9.0.34]
	at org.apache.tomcat.util.net.SocketProcessorBase.run(SocketProcessorBase.java:49) [tomcat-embed-core-9.0.34.jar:9.0.34]
	at java.util.concurrent.ThreadPoolExecutor.runWorker(Unknown Source) [na:1.8.0_211]
	at java.util.concurrent.ThreadPoolExecutor$Worker.run(Unknown Source) [na:1.8.0_211]
	at org.apache.tomcat.util.threads.TaskThread$WrappingRunnable.run(TaskThread.java:61) [tomcat-embed-core-9.0.34.jar:9.0.34]
	at java.lang.Thread.run(Unknown Source) [na:1.8.0_211]

2020-06-11 00:53:23.759  INFO 14516 --- [RMI TCP Connection(2)-127.0.0.1] inMXBeanRegistrar$SpringApplicationAdmin : Application shutdown requested.
2020-06-11 00:53:23.762  INFO 14516 --- [RMI TCP Connection(2)-127.0.0.1] o.s.s.concurrent.ThreadPoolTaskExecutor  : Shutting down ExecutorService 'applicationTaskExecutor'
2020-06-11 00:53:26.047  INFO 14516 --- [RMI TCP Connection(2)-127.0.0.1] o.apache.catalina.core.StandardService   : Stopping service [Tomcat]
2020-06-11 00:53:26.050 ERROR 14516 --- [http-nio-8086-Acceptor] org.apache.tomcat.util.net.Acceptor      : Socket accept failed

java.nio.channels.AsynchronousCloseException: null
	at java.nio.channels.spi.AbstractInterruptibleChannel.end(Unknown Source) ~[na:1.8.0_211]
	at sun.nio.ch.ServerSocketChannelImpl.accept(Unknown Source) ~[na:1.8.0_211]
	at org.apache.tomcat.util.net.NioEndpoint.serverSocketAccept(NioEndpoint.java:469) ~[tomcat-embed-core-9.0.34.jar:9.0.34]
	at org.apache.tomcat.util.net.NioEndpoint.serverSocketAccept(NioEndpoint.java:71) ~[tomcat-embed-core-9.0.34.jar:9.0.34]
	at org.apache.tomcat.util.net.Acceptor.run(Acceptor.java:95) ~[tomcat-embed-core-9.0.34.jar:9.0.34]
	at java.lang.Thread.run(Unknown Source) [na:1.8.0_211]

2020-06-11 00:53:26.052  INFO 14516 --- [RMI TCP Connection(2)-127.0.0.1] o.a.c.c.C.[Tomcat].[localhost].[/]       : Destroying Spring FrameworkServlet 'dispatcherServlet'
2020-06-11 00:53:26.064  WARN 14516 --- [RMI TCP Connection(2)-127.0.0.1] o.a.c.loader.WebappClassLoaderBase       : The web application [ROOT] appears to have started a thread named [logback-1] but has failed to stop it. This is very likely to create a memory leak. Stack trace of thread:
 sun.misc.Unsafe.park(Native Method)
 java.util.concurrent.locks.LockSupport.park(Unknown Source)
 java.util.concurrent.locks.AbstractQueuedSynchronizer$ConditionObject.await(Unknown Source)
 java.util.concurrent.ScheduledThreadPoolExecutor$DelayedWorkQueue.take(Unknown Source)
 java.util.concurrent.ScheduledThreadPoolExecutor$DelayedWorkQueue.take(Unknown Source)
 java.util.concurrent.ThreadPoolExecutor.getTask(Unknown Source)
 java.util.concurrent.ThreadPoolExecutor.runWorker(Unknown Source)
 java.util.concurrent.ThreadPoolExecutor$Worker.run(Unknown Source)
 java.lang.Thread.run(Unknown Source)
2020-06-11 00:53:26.067  WARN 14516 --- [RMI TCP Connection(2)-127.0.0.1] o.a.c.loader.WebappClassLoaderBase       : The web application [ROOT] appears to have started a thread named [logback-2] but has failed to stop it. This is very likely to create a memory leak. Stack trace of thread:
 sun.misc.Unsafe.park(Native Method)
 java.util.concurrent.locks.LockSupport.park(Unknown Source)
 java.util.concurrent.locks.AbstractQueuedSynchronizer$ConditionObject.await(Unknown Source)
 java.util.concurrent.ScheduledThreadPoolExecutor$DelayedWorkQueue.take(Unknown Source)
 java.util.concurrent.ScheduledThreadPoolExecutor$DelayedWorkQueue.take(Unknown Source)
 java.util.concurrent.ThreadPoolExecutor.getTask(Unknown Source)
 java.util.concurrent.ThreadPoolExecutor.runWorker(Unknown Source)
 java.util.concurrent.ThreadPoolExecutor$Worker.run(Unknown Source)
 java.lang.Thread.run(Unknown Source)
